<?xml version="1.0" encoding="UTF-8"?>
<testsuite name="LeapYearTest" tests="3" skipped="0" failures="0" errors="0" timestamp="2015-08-12T20:51:40" hostname="epicodus-112.local" time="0.001">
  <properties/>
  <testcase name="isLeapYEar_forNumberDivisibleByFour_true" classname="LeapYearTest" time="0.001"/>
  <testcase name="isLeapYear_forNunbersNotDivisibleByFour_false" classname="LeapYearTest" time="0.0"/>
  <testcase name="isLeapYear_forMultiplesOfOneHundred_false" classname="LeapYearTest" time="0.0"/>
  <system-out><![CDATA[]]></system-out>
  <system-err><![CDATA[]]></system-err>
</testsuite>
